<?xml version="1.0" encoding="UTF-8"?>
<testsuite xmlns:xsi="http://www.w3.org/2001/XMLSchema-instance" xsi:noNamespaceSchemaLocation="https://maven.apache.org/surefire/maven-surefire-plugin/xsd/surefire-test-report-3.0.xsd" version="3.0" name="org.example.ShoppingCartTest" time="0.088" tests="16" errors="0" skipped="0" failures="0">
  <properties>
[...]
</properties>
  <testcase name="calculatePriceForMagicCards_redOver10Years" classname="org.example.ShoppingCartTest" time="0.041"/>
  <testcase name="calculatePriceForMagicCards_blackLotus" classname="org.example.ShoppingCartTest" time="0.001"/>
  <testcase name="calculatePriceForFish_blue" classname="org.example.ShoppingCartTest" time="0.002"/>
  <testcase name="calculatePriceForFish_gold" classname="org.example.ShoppingCartTest" time="0.001"/>
  <testcase name="calculatePriceForCheese" classname="org.example.ShoppingCartTest" time="0.001"/>
  <testcase name="calculatePriceForRedSpider" classname="org.example.ShoppingCartTest" time="0.001"/>
  <testcase name="calculatePriceForStinkySpider" classname="org.example.ShoppingCartTest" time="0.001"/>
  <testcase name="calculatePriceForMagicCards_black" classname="org.example.ShoppingCartTest" time="0.001"/>
  <testcase name="calculatePriceForMagicCards_brown" classname="org.example.ShoppingCartTest" time="0.001"/>
  <testcase name="calculatePriceForMagicCards_green" classname="org.example.ShoppingCartTest" time="0.001"/>
  <testcase name="calculatePriceForGoldSpider" classname="org.example.ShoppingCartTest" time="0.002"/>
  <testcase name="calculatePriceForPetWithLegs" classname="org.example.ShoppingCartTest" time="0.001"/>
  <testcase name="calculatePriceForMagicCards_greenOver20Years" classname="org.example.ShoppingCartTest" time="0.0"/>
  <testcase name="calculatePriceForMagicCards_blue" classname="org.example.ShoppingCartTest" time="0.0"/>
  <testcase name="calculatePriceForWine" classname="org.example.ShoppingCartTest" time="0.001"/>
  <testcase name="calculatePriceForMagicCards_red" classname="org.example.ShoppingCartTest" time="0.001"/>
</testsuite>